WARNING: You're using the Ruby-based MySQL library that ships with Rails. This library is not suited for production. Please install the C-based MySQL library instead (gem install mysql).
  [4;36;1mSQL (0.000217)[0m   [0;1mSET SQL_AUTO_IS_NULL=0[0m
  [4;35;1mSQL (0.000855)[0m   [0mSHOW TABLES[0m
  [4;36;1mSQL (0.019927)[0m   [0;1mCREATE TABLE `schema_migrations` (`version` varchar(255) NOT NULL) ENGINE=InnoDB[0m
  [4;35;1mSQL (0.006421)[0m   [0mCREATE UNIQUE INDEX `unique_schema_migrations` ON `schema_migrations` (`version`)[0m
  [4;36;1mSQL (0.000638)[0m   [0;1mSHOW TABLES[0m
WARNING: You're using the Ruby-based MySQL library that ships with Rails. This library is not suited for production. Please install the C-based MySQL library instead (gem install mysql).
  [4;36;1mSQL (0.000202)[0m   [0;1mSET SQL_AUTO_IS_NULL=0[0m
  [4;35;1mSQL (0.000999)[0m   [0mSHOW TABLES[0m
  [4;36;1mSQL (0.000802)[0m   [0;1mSELECT version FROM schema_migrations[0m
Migrating to Init (20080615180709)
  [4;35;1mSQL (0.000245)[0m   [0mSELECT version FROM schema_migrations[0m
  [4;36;1mSQL (0.007687)[0m   [0;1mCREATE TABLE `users` (`id` int(11) DEFAULT NULL auto_increment PRIMARY KEY, `name` varchar(255) DEFAULT NULL NULL, `email` varchar(255) NOT NULL, `password` varchar(32) NOT NULL) ENGINE=InnoDB[0m
  [4;35;1mSQL (0.003752)[0m   [0mCREATE TABLE `movies` (`id` int(11) DEFAULT NULL auto_increment PRIMARY KEY, `name` varchar(255) NOT NULL, `imdb` varchar(255) DEFAULT NULL NULL, `year` varchar(255) DEFAULT NULL NULL, `director` varchar(255) DEFAULT NULL NULL) ENGINE=InnoDB[0m
  [4;36;1mSQL (0.003536)[0m   [0;1mCREATE TABLE `movies_users` (`id` int(11) DEFAULT NULL auto_increment PRIMARY KEY, `movie_id` varchar(255) DEFAULT NULL NULL, `user_id` varchar(255) DEFAULT NULL NULL) ENGINE=InnoDB[0m
  [4;35;1mSQL (0.000774)[0m   [0mINSERT INTO schema_migrations (version) VALUES ('20080615180709')[0m
  [4;36;1mSQL (0.000670)[0m   [0;1mSELECT version FROM schema_migrations[0m
  [4;35;1mSQL (0.000600)[0m   [0mSHOW TABLES[0m
  [4;36;1mSQL (0.002051)[0m   [0;1mSHOW FIELDS FROM `movies`[0m
  [4;35;1mSQL (0.001782)[0m   [0mdescribe `movies`[0m
  [4;36;1mSQL (0.001499)[0m   [0;1mSHOW KEYS FROM `movies`[0m
  [4;35;1mSQL (0.001644)[0m   [0mSHOW FIELDS FROM `movies_users`[0m
  [4;36;1mSQL (0.001548)[0m   [0;1mdescribe `movies_users`[0m
  [4;35;1mSQL (0.001458)[0m   [0mSHOW KEYS FROM `movies_users`[0m
  [4;36;1mSQL (0.002275)[0m   [0;1mSHOW FIELDS FROM `users`[0m
  [4;35;1mSQL (0.002512)[0m   [0mdescribe `users`[0m
  [4;36;1mSQL (0.001496)[0m   [0;1mSHOW KEYS FROM `users`[0m


Processing ApplicationController#index (for 127.0.0.1 at 2008-06-15 20:40:52) [GET]
  Session ID: 27963c241116f3a2eb849d02b31e5fcb
  Parameters: {}


ActionController::RoutingError (No route matches "/" with {:method=>:get}):
    /var/lib/gems/1.8/gems/actionpack-2.1.0/lib/action_controller/routing/recognition_optimisation.rb:67:in `recognize_path'
    /var/lib/gems/1.8/gems/actionpack-2.1.0/lib/action_controller/routing/route_set.rb:384:in `recognize'
    /var/lib/gems/1.8/gems/actionpack-2.1.0/lib/action_controller/dispatcher.rb:148:in `handle_request'
    /var/lib/gems/1.8/gems/actionpack-2.1.0/lib/action_controller/dispatcher.rb:107:in `dispatch'
    /var/lib/gems/1.8/gems/actionpack-2.1.0/lib/action_controller/dispatcher.rb:104:in `synchronize'
    /var/lib/gems/1.8/gems/actionpack-2.1.0/lib/action_controller/dispatcher.rb:104:in `dispatch'
    /var/lib/gems/1.8/gems/actionpack-2.1.0/lib/action_controller/dispatcher.rb:120:in `dispatch_cgi'
    /var/lib/gems/1.8/gems/actionpack-2.1.0/lib/action_controller/dispatcher.rb:35:in `dispatch'
    /var/lib/gems/1.8/gems/thin-0.8.1/lib/rack/adapter/rails.rb:54:in `serve_rails'
    /var/lib/gems/1.8/gems/thin-0.8.1/lib/rack/adapter/rails.rb:74:in `call'
    /var/lib/gems/1.8/gems/thin-0.8.1/lib/thin/connection.rb:59:in `pre_process'
    /var/lib/gems/1.8/gems/thin-0.8.1/lib/thin/connection.rb:50:in `process'
    /var/lib/gems/1.8/gems/thin-0.8.1/lib/thin/connection.rb:35:in `receive_data'
    /var/lib/gems/1.8/gems/eventmachine-0.12.0/lib/eventmachine.rb:224:in `run_machine'
    /var/lib/gems/1.8/gems/eventmachine-0.12.0/lib/eventmachine.rb:224:in `run'
    /var/lib/gems/1.8/gems/thin-0.8.1/lib/thin/backends/base.rb:45:in `start'
    /var/lib/gems/1.8/gems/thin-0.8.1/lib/thin/server.rb:146:in `start'
    /var/lib/gems/1.8/gems/thin-0.8.1/lib/thin/controllers/controller.rb:79:in `start'
    /var/lib/gems/1.8/gems/thin-0.8.1/lib/thin/runner.rb:166:in `send'
    /var/lib/gems/1.8/gems/thin-0.8.1/lib/thin/runner.rb:166:in `run_command'
    /var/lib/gems/1.8/gems/thin-0.8.1/lib/thin/runner.rb:136:in `run!'
    /var/lib/gems/1.8/gems/thin-0.8.1/bin/thin:6
    /var/lib/gems/1.8/bin/thin:16:in `load'
    /var/lib/gems/1.8/bin/thin:16

Rendering /var/lib/gems/1.8/gems/actionpack-2.1.0/lib/action_controller/templates/rescues/layout.erb (not_found)


Processing WelcomeController#index (for 127.0.0.1 at 2008-06-15 20:41:38) [GET]
  Session ID: BAh7BiIKZmxhc2hJQzonQWN0aW9uQ29udHJvbGxlcjo6Rmxhc2g6OkZsYXNo
SGFzaHsABjoKQHVzZWR7AA==--1f2a00ea252f61251d06364a06785c6f15235887
  Parameters: {"action"=>"index", "controller"=>"welcome"}


Processing WelcomeController#index (for 127.0.0.1 at 2008-06-15 20:41:38) [GET]
  Session ID: BAh7BiIKZmxhc2hJQzonQWN0aW9uQ29udHJvbGxlcjo6Rmxhc2g6OkZsYXNo
SGFzaHsABjoKQHVzZWR7AA==--1f2a00ea252f61251d06364a06785c6f15235887
  Parameters: {"action"=>"index", "controller"=>"welcome"}


MissingSourceFile (no such file to load -- sqlite3):
    /usr/lib/ruby/1.8/rubygems/custom_require.rb:27:in `gem_original_require'
    /usr/lib/ruby/1.8/rubygems/custom_require.rb:27:in `require'
    /var/lib/gems/1.8/gems/activesupport-2.1.0/lib/active_support/dependencies.rb:509:in `require'
    /var/lib/gems/1.8/gems/activesupport-2.1.0/lib/active_support/dependencies.rb:354:in `new_constants_in'
    /var/lib/gems/1.8/gems/activesupport-2.1.0/lib/active_support/dependencies.rb:509:in `require'
    /var/lib/gems/1.8/gems/activesupport-2.1.0/lib/active_support/core_ext/kernel/requires.rb:7:in `require_library_or_gem'
    /var/lib/gems/1.8/gems/activesupport-2.1.0/lib/active_support/core_ext/kernel/reporting.rb:11:in `silence_warnings'
    /var/lib/gems/1.8/gems/activesupport-2.1.0/lib/active_support/core_ext/kernel/requires.rb:5:in `require_library_or_gem'
    /var/lib/gems/1.8/gems/activerecord-2.1.0/lib/active_record/connection_adapters/sqlite3_adapter.rb:10:in `sqlite3_connection'
    /var/lib/gems/1.8/gems/activerecord-2.1.0/lib/active_record/connection_adapters/abstract/connection_specification.rb:292:in `send'
    /var/lib/gems/1.8/gems/activerecord-2.1.0/lib/active_record/connection_adapters/abstract/connection_specification.rb:292:in `connection='
    /var/lib/gems/1.8/gems/activerecord-2.1.0/lib/active_record/connection_adapters/abstract/connection_specification.rb:260:in `retrieve_connection'
    /var/lib/gems/1.8/gems/activerecord-2.1.0/lib/active_record/connection_adapters/abstract/connection_specification.rb:78:in `connection'
    /var/lib/gems/1.8/gems/activerecord-2.1.0/lib/active_record/query_cache.rb:8:in `cache'
    /var/lib/gems/1.8/gems/actionpack-2.1.0/lib/action_controller/caching/sql_cache.rb:12:in `perform_action'
    /var/lib/gems/1.8/gems/actionpack-2.1.0/lib/action_controller/base.rb:529:in `send'
    /var/lib/gems/1.8/gems/actionpack-2.1.0/lib/action_controller/base.rb:529:in `process_without_filters'
    /var/lib/gems/1.8/gems/actionpack-2.1.0/lib/action_controller/filters.rb:569:in `process_without_session_management_support'
    /var/lib/gems/1.8/gems/actionpack-2.1.0/lib/action_controller/session_management.rb:130:in `process'
    /var/lib/gems/1.8/gems/actionpack-2.1.0/lib/action_controller/base.rb:389:in `process'
    /var/lib/gems/1.8/gems/actionpack-2.1.0/lib/action_controller/dispatcher.rb:149:in `handle_request'
    /var/lib/gems/1.8/gems/actionpack-2.1.0/lib/action_controller/dispatcher.rb:107:in `dispatch'
    /var/lib/gems/1.8/gems/actionpack-2.1.0/lib/action_controller/dispatcher.rb:104:in `synchronize'
    /var/lib/gems/1.8/gems/actionpack-2.1.0/lib/action_controller/dispatcher.rb:104:in `dispatch'
    /var/lib/gems/1.8/gems/actionpack-2.1.0/lib/action_controller/dispatcher.rb:120:in `dispatch_cgi'
    /var/lib/gems/1.8/gems/actionpack-2.1.0/lib/action_controller/dispatcher.rb:35:in `dispatch'
    /var/lib/gems/1.8/gems/thin-0.8.1/lib/rack/adapter/rails.rb:54:in `serve_rails'
    /var/lib/gems/1.8/gems/thin-0.8.1/lib/rack/adapter/rails.rb:74:in `call'
    /var/lib/gems/1.8/gems/thin-0.8.1/lib/thin/connection.rb:59:in `pre_process'
    /var/lib/gems/1.8/gems/thin-0.8.1/lib/thin/connection.rb:50:in `process'
    /var/lib/gems/1.8/gems/thin-0.8.1/lib/thin/connection.rb:35:in `receive_data'
    /var/lib/gems/1.8/gems/eventmachine-0.12.0/lib/eventmachine.rb:224:in `run_machine'
    /var/lib/gems/1.8/gems/eventmachine-0.12.0/lib/eventmachine.rb:224:in `run'
    /var/lib/gems/1.8/gems/thin-0.8.1/lib/thin/backends/base.rb:45:in `start'
    /var/lib/gems/1.8/gems/thin-0.8.1/lib/thin/server.rb:146:in `start'
    /var/lib/gems/1.8/gems/thin-0.8.1/lib/thin/controllers/controller.rb:79:in `start'
    /var/lib/gems/1.8/gems/thin-0.8.1/lib/thin/runner.rb:166:in `send'
    /var/lib/gems/1.8/gems/thin-0.8.1/lib/thin/runner.rb:166:in `run_command'
    /var/lib/gems/1.8/gems/thin-0.8.1/lib/thin/runner.rb:136:in `run!'
    /var/lib/gems/1.8/gems/thin-0.8.1/bin/thin:6
    /var/lib/gems/1.8/bin/thin:16:in `load'
    /var/lib/gems/1.8/bin/thin:16

Rendering /var/lib/gems/1.8/gems/actionpack-2.1.0/lib/action_controller/templates/rescues/layout.erb (internal_server_error)


Processing WelcomeController#index (for 127.0.0.1 at 2008-06-15 20:42:12) [GET]
  Session ID: BAh7BiIKZmxhc2hJQzonQWN0aW9uQ29udHJvbGxlcjo6Rmxhc2g6OkZsYXNo
SGFzaHsABjoKQHVzZWR7AA==--1f2a00ea252f61251d06364a06785c6f15235887
  Parameters: {"action"=>"index", "controller"=>"welcome"}


Processing WelcomeController#index (for 127.0.0.1 at 2008-06-15 20:42:13) [GET]
  Session ID: BAh7BiIKZmxhc2hJQzonQWN0aW9uQ29udHJvbGxlcjo6Rmxhc2g6OkZsYXNo
SGFzaHsABjoKQHVzZWR7AA==--1f2a00ea252f61251d06364a06785c6f15235887
  Parameters: {"action"=>"index", "controller"=>"welcome"}


MissingSourceFile (no such file to load -- sqlite3):
    /usr/lib/ruby/1.8/rubygems/custom_require.rb:27:in `gem_original_require'
    /usr/lib/ruby/1.8/rubygems/custom_require.rb:27:in `require'
    /var/lib/gems/1.8/gems/activesupport-2.1.0/lib/active_support/dependencies.rb:509:in `require'
    /var/lib/gems/1.8/gems/activesupport-2.1.0/lib/active_support/dependencies.rb:354:in `new_constants_in'
    /var/lib/gems/1.8/gems/activesupport-2.1.0/lib/active_support/dependencies.rb:509:in `require'
    /var/lib/gems/1.8/gems/activesupport-2.1.0/lib/active_support/core_ext/kernel/requires.rb:7:in `require_library_or_gem'
    /var/lib/gems/1.8/gems/activesupport-2.1.0/lib/active_support/core_ext/kernel/reporting.rb:11:in `silence_warnings'
    /var/lib/gems/1.8/gems/activesupport-2.1.0/lib/active_support/core_ext/kernel/requires.rb:5:in `require_library_or_gem'
    /var/lib/gems/1.8/gems/activerecord-2.1.0/lib/active_record/connection_adapters/sqlite3_adapter.rb:10:in `sqlite3_connection'
    /var/lib/gems/1.8/gems/activerecord-2.1.0/lib/active_record/connection_adapters/abstract/connection_specification.rb:292:in `send'
    /var/lib/gems/1.8/gems/activerecord-2.1.0/lib/active_record/connection_adapters/abstract/connection_specification.rb:292:in `connection='
    /var/lib/gems/1.8/gems/activerecord-2.1.0/lib/active_record/connection_adapters/abstract/connection_specification.rb:260:in `retrieve_connection'
    /var/lib/gems/1.8/gems/activerecord-2.1.0/lib/active_record/connection_adapters/abstract/connection_specification.rb:78:in `connection'
    /var/lib/gems/1.8/gems/activerecord-2.1.0/lib/active_record/query_cache.rb:8:in `cache'
    /var/lib/gems/1.8/gems/actionpack-2.1.0/lib/action_controller/caching/sql_cache.rb:12:in `perform_action'
    /var/lib/gems/1.8/gems/actionpack-2.1.0/lib/action_controller/base.rb:529:in `send'
    /var/lib/gems/1.8/gems/actionpack-2.1.0/lib/action_controller/base.rb:529:in `process_without_filters'
    /var/lib/gems/1.8/gems/actionpack-2.1.0/lib/action_controller/filters.rb:569:in `process_without_session_management_support'
    /var/lib/gems/1.8/gems/actionpack-2.1.0/lib/action_controller/session_management.rb:130:in `process'
    /var/lib/gems/1.8/gems/actionpack-2.1.0/lib/action_controller/base.rb:389:in `process'
    /var/lib/gems/1.8/gems/actionpack-2.1.0/lib/action_controller/dispatcher.rb:149:in `handle_request'
    /var/lib/gems/1.8/gems/actionpack-2.1.0/lib/action_controller/dispatcher.rb:107:in `dispatch'
    /var/lib/gems/1.8/gems/actionpack-2.1.0/lib/action_controller/dispatcher.rb:104:in `synchronize'
    /var/lib/gems/1.8/gems/actionpack-2.1.0/lib/action_controller/dispatcher.rb:104:in `dispatch'
    /var/lib/gems/1.8/gems/actionpack-2.1.0/lib/action_controller/dispatcher.rb:120:in `dispatch_cgi'
    /var/lib/gems/1.8/gems/actionpack-2.1.0/lib/action_controller/dispatcher.rb:35:in `dispatch'
    /var/lib/gems/1.8/gems/thin-0.8.1/lib/rack/adapter/rails.rb:54:in `serve_rails'
    /var/lib/gems/1.8/gems/thin-0.8.1/lib/rack/adapter/rails.rb:74:in `call'
    /var/lib/gems/1.8/gems/thin-0.8.1/lib/thin/connection.rb:59:in `pre_process'
    /var/lib/gems/1.8/gems/thin-0.8.1/lib/thin/connection.rb:50:in `process'
    /var/lib/gems/1.8/gems/thin-0.8.1/lib/thin/connection.rb:35:in `receive_data'
    /var/lib/gems/1.8/gems/eventmachine-0.12.0/lib/eventmachine.rb:224:in `run_machine'
    /var/lib/gems/1.8/gems/eventmachine-0.12.0/lib/eventmachine.rb:224:in `run'
    /var/lib/gems/1.8/gems/thin-0.8.1/lib/thin/backends/base.rb:45:in `start'
    /var/lib/gems/1.8/gems/thin-0.8.1/lib/thin/server.rb:146:in `start'
    /var/lib/gems/1.8/gems/thin-0.8.1/lib/thin/controllers/controller.rb:79:in `start'
    /var/lib/gems/1.8/gems/thin-0.8.1/lib/thin/runner.rb:166:in `send'
    /var/lib/gems/1.8/gems/thin-0.8.1/lib/thin/runner.rb:166:in `run_command'
    /var/lib/gems/1.8/gems/thin-0.8.1/lib/thin/runner.rb:136:in `run!'
    /var/lib/gems/1.8/gems/thin-0.8.1/bin/thin:6
    /var/lib/gems/1.8/bin/thin:16:in `load'
    /var/lib/gems/1.8/bin/thin:16

Rendering /var/lib/gems/1.8/gems/actionpack-2.1.0/lib/action_controller/templates/rescues/layout.erb (internal_server_error)
WARNING: You're using the Ruby-based MySQL library that ships with Rails. This library is not suited for production. Please install the C-based MySQL library instead (gem install mysql).
  [4;36;1mSQL (0.000199)[0m   [0;1mSET SQL_AUTO_IS_NULL=0[0m
  [4;35;1mUser Columns (0.002082)[0m   [0mSHOW FIELDS FROM `users`[0m


Processing WelcomeController#index (for 127.0.0.1 at 2008-06-15 20:45:08) [GET]
  Session ID: BAh7BiIKZmxhc2hJQzonQWN0aW9uQ29udHJvbGxlcjo6Rmxhc2g6OkZsYXNo
SGFzaHsABjoKQHVzZWR7AA==--1f2a00ea252f61251d06364a06785c6f15235887
  Parameters: {"action"=>"index", "controller"=>"welcome"}


Processing WelcomeController#index (for 127.0.0.1 at 2008-06-15 20:45:08) [GET]
  Session ID: BAh7BiIKZmxhc2hJQzonQWN0aW9uQ29udHJvbGxlcjo6Rmxhc2g6OkZsYXNo
SGFzaHsABjoKQHVzZWR7AA==--1f2a00ea252f61251d06364a06785c6f15235887
  Parameters: {"action"=>"index", "controller"=>"welcome"}


MissingSourceFile (no such file to load -- sqlite3):
    /usr/lib/ruby/1.8/rubygems/custom_require.rb:27:in `gem_original_require'
    /usr/lib/ruby/1.8/rubygems/custom_require.rb:27:in `require'
    /var/lib/gems/1.8/gems/activesupport-2.1.0/lib/active_support/dependencies.rb:509:in `require'
    /var/lib/gems/1.8/gems/activesupport-2.1.0/lib/active_support/dependencies.rb:354:in `new_constants_in'
    /var/lib/gems/1.8/gems/activesupport-2.1.0/lib/active_support/dependencies.rb:509:in `require'
    /var/lib/gems/1.8/gems/activesupport-2.1.0/lib/active_support/core_ext/kernel/requires.rb:7:in `require_library_or_gem'
    /var/lib/gems/1.8/gems/activesupport-2.1.0/lib/active_support/core_ext/kernel/reporting.rb:11:in `silence_warnings'
    /var/lib/gems/1.8/gems/activesupport-2.1.0/lib/active_support/core_ext/kernel/requires.rb:5:in `require_library_or_gem'
    /var/lib/gems/1.8/gems/activerecord-2.1.0/lib/active_record/connection_adapters/sqlite3_adapter.rb:10:in `sqlite3_connection'
    /var/lib/gems/1.8/gems/activerecord-2.1.0/lib/active_record/connection_adapters/abstract/connection_specification.rb:292:in `send'
    /var/lib/gems/1.8/gems/activerecord-2.1.0/lib/active_record/connection_adapters/abstract/connection_specification.rb:292:in `connection='
    /var/lib/gems/1.8/gems/activerecord-2.1.0/lib/active_record/connection_adapters/abstract/connection_specification.rb:260:in `retrieve_connection'
    /var/lib/gems/1.8/gems/activerecord-2.1.0/lib/active_record/connection_adapters/abstract/connection_specification.rb:78:in `connection'
    /var/lib/gems/1.8/gems/activerecord-2.1.0/lib/active_record/query_cache.rb:8:in `cache'
    /var/lib/gems/1.8/gems/actionpack-2.1.0/lib/action_controller/caching/sql_cache.rb:12:in `perform_action'
    /var/lib/gems/1.8/gems/actionpack-2.1.0/lib/action_controller/base.rb:529:in `send'
    /var/lib/gems/1.8/gems/actionpack-2.1.0/lib/action_controller/base.rb:529:in `process_without_filters'
    /var/lib/gems/1.8/gems/actionpack-2.1.0/lib/action_controller/filters.rb:569:in `process_without_session_management_support'
    /var/lib/gems/1.8/gems/actionpack-2.1.0/lib/action_controller/session_management.rb:130:in `process'
    /var/lib/gems/1.8/gems/actionpack-2.1.0/lib/action_controller/base.rb:389:in `process'
    /var/lib/gems/1.8/gems/actionpack-2.1.0/lib/action_controller/dispatcher.rb:149:in `handle_request'
    /var/lib/gems/1.8/gems/actionpack-2.1.0/lib/action_controller/dispatcher.rb:107:in `dispatch'
    /var/lib/gems/1.8/gems/actionpack-2.1.0/lib/action_controller/dispatcher.rb:104:in `synchronize'
    /var/lib/gems/1.8/gems/actionpack-2.1.0/lib/action_controller/dispatcher.rb:104:in `dispatch'
    /var/lib/gems/1.8/gems/actionpack-2.1.0/lib/action_controller/dispatcher.rb:120:in `dispatch_cgi'
    /var/lib/gems/1.8/gems/actionpack-2.1.0/lib/action_controller/dispatcher.rb:35:in `dispatch'
    /var/lib/gems/1.8/gems/thin-0.8.1/lib/rack/adapter/rails.rb:54:in `serve_rails'
    /var/lib/gems/1.8/gems/thin-0.8.1/lib/rack/adapter/rails.rb:74:in `call'
    /var/lib/gems/1.8/gems/thin-0.8.1/lib/thin/connection.rb:59:in `pre_process'
    /var/lib/gems/1.8/gems/thin-0.8.1/lib/thin/connection.rb:50:in `process'
    /var/lib/gems/1.8/gems/thin-0.8.1/lib/thin/connection.rb:35:in `receive_data'
    /var/lib/gems/1.8/gems/eventmachine-0.12.0/lib/eventmachine.rb:224:in `run_machine'
    /var/lib/gems/1.8/gems/eventmachine-0.12.0/lib/eventmachine.rb:224:in `run'
    /var/lib/gems/1.8/gems/thin-0.8.1/lib/thin/backends/base.rb:45:in `start'
    /var/lib/gems/1.8/gems/thin-0.8.1/lib/thin/server.rb:146:in `start'
    /var/lib/gems/1.8/gems/thin-0.8.1/lib/thin/controllers/controller.rb:79:in `start'
    /var/lib/gems/1.8/gems/thin-0.8.1/lib/thin/runner.rb:166:in `send'
    /var/lib/gems/1.8/gems/thin-0.8.1/lib/thin/runner.rb:166:in `run_command'
    /var/lib/gems/1.8/gems/thin-0.8.1/lib/thin/runner.rb:136:in `run!'
    /var/lib/gems/1.8/gems/thin-0.8.1/bin/thin:6
    /var/lib/gems/1.8/bin/thin:16:in `load'
    /var/lib/gems/1.8/bin/thin:16

Rendering /var/lib/gems/1.8/gems/actionpack-2.1.0/lib/action_controller/templates/rescues/layout.erb (internal_server_error)


Processing WelcomeController#index (for 127.0.0.1 at 2008-06-15 20:45:38) [GET]
  Session ID: BAh7BiIKZmxhc2hJQzonQWN0aW9uQ29udHJvbGxlcjo6Rmxhc2g6OkZsYXNo
SGFzaHsABjoKQHVzZWR7AA==--1f2a00ea252f61251d06364a06785c6f15235887
  Parameters: {"action"=>"index", "controller"=>"welcome"}
WARNING: You're using the Ruby-based MySQL library that ships with Rails. This library is not suited for production. Please install the C-based MySQL library instead (gem install mysql).
  [4;36;1mSQL (0.000201)[0m   [0;1mSET SQL_AUTO_IS_NULL=0[0m


ActionController::UnknownAction (No action responded to index):
    /var/lib/gems/1.8/gems/actionpack-2.1.0/lib/action_controller/filters.rb:580:in `call_filters'
    /var/lib/gems/1.8/gems/actionpack-2.1.0/lib/action_controller/filters.rb:573:in `perform_action_without_benchmark'
    /var/lib/gems/1.8/gems/actionpack-2.1.0/lib/action_controller/benchmarking.rb:68:in `perform_action_without_rescue'
    /usr/lib/ruby/1.8/benchmark.rb:293:in `measure'
    /var/lib/gems/1.8/gems/actionpack-2.1.0/lib/action_controller/benchmarking.rb:68:in `perform_action_without_rescue'
    /var/lib/gems/1.8/gems/actionpack-2.1.0/lib/action_controller/rescue.rb:201:in `perform_action_without_caching'
    /var/lib/gems/1.8/gems/actionpack-2.1.0/lib/action_controller/caching/sql_cache.rb:13:in `perform_action'
    /var/lib/gems/1.8/gems/activerecord-2.1.0/lib/active_record/connection_adapters/abstract/query_cache.rb:33:in `cache'
    /var/lib/gems/1.8/gems/activerecord-2.1.0/lib/active_record/query_cache.rb:8:in `cache'
    /var/lib/gems/1.8/gems/actionpack-2.1.0/lib/action_controller/caching/sql_cache.rb:12:in `perform_action'
    /var/lib/gems/1.8/gems/actionpack-2.1.0/lib/action_controller/base.rb:529:in `send'
    /var/lib/gems/1.8/gems/actionpack-2.1.0/lib/action_controller/base.rb:529:in `process_without_filters'
    /var/lib/gems/1.8/gems/actionpack-2.1.0/lib/action_controller/filters.rb:569:in `process_without_session_management_support'
    /var/lib/gems/1.8/gems/actionpack-2.1.0/lib/action_controller/session_management.rb:130:in `process'
    /var/lib/gems/1.8/gems/actionpack-2.1.0/lib/action_controller/base.rb:389:in `process'
    /var/lib/gems/1.8/gems/actionpack-2.1.0/lib/action_controller/dispatcher.rb:149:in `handle_request'
    /var/lib/gems/1.8/gems/actionpack-2.1.0/lib/action_controller/dispatcher.rb:107:in `dispatch'
    /var/lib/gems/1.8/gems/actionpack-2.1.0/lib/action_controller/dispatcher.rb:104:in `synchronize'
    /var/lib/gems/1.8/gems/actionpack-2.1.0/lib/action_controller/dispatcher.rb:104:in `dispatch'
    /var/lib/gems/1.8/gems/actionpack-2.1.0/lib/action_controller/dispatcher.rb:120:in `dispatch_cgi'
    /var/lib/gems/1.8/gems/actionpack-2.1.0/lib/action_controller/dispatcher.rb:35:in `dispatch'
    /var/lib/gems/1.8/gems/thin-0.8.1/lib/rack/adapter/rails.rb:54:in `serve_rails'
    /var/lib/gems/1.8/gems/thin-0.8.1/lib/rack/adapter/rails.rb:74:in `call'
    /var/lib/gems/1.8/gems/thin-0.8.1/lib/thin/connection.rb:59:in `pre_process'
    /var/lib/gems/1.8/gems/thin-0.8.1/lib/thin/connection.rb:50:in `process'
    /var/lib/gems/1.8/gems/thin-0.8.1/lib/thin/connection.rb:35:in `receive_data'
    /var/lib/gems/1.8/gems/eventmachine-0.12.0/lib/eventmachine.rb:224:in `run_machine'
    /var/lib/gems/1.8/gems/eventmachine-0.12.0/lib/eventmachine.rb:224:in `run'
    /var/lib/gems/1.8/gems/thin-0.8.1/lib/thin/backends/base.rb:45:in `start'
    /var/lib/gems/1.8/gems/thin-0.8.1/lib/thin/server.rb:146:in `start'
    /var/lib/gems/1.8/gems/thin-0.8.1/lib/thin/controllers/controller.rb:79:in `start'
    /var/lib/gems/1.8/gems/thin-0.8.1/lib/thin/runner.rb:166:in `send'
    /var/lib/gems/1.8/gems/thin-0.8.1/lib/thin/runner.rb:166:in `run_command'
    /var/lib/gems/1.8/gems/thin-0.8.1/lib/thin/runner.rb:136:in `run!'
    /var/lib/gems/1.8/gems/thin-0.8.1/bin/thin:6
    /var/lib/gems/1.8/bin/thin:16:in `load'
    /var/lib/gems/1.8/bin/thin:16

Rendering /var/lib/gems/1.8/gems/actionpack-2.1.0/lib/action_controller/templates/rescues/layout.erb (not_found)


Processing WelcomeController#index (for 127.0.0.1 at 2008-06-15 20:46:25) [GET]
  Session ID: BAh7BiIKZmxhc2hJQzonQWN0aW9uQ29udHJvbGxlcjo6Rmxhc2g6OkZsYXNo
SGFzaHsABjoKQHVzZWR7AA==--1f2a00ea252f61251d06364a06785c6f15235887
  Parameters: {"action"=>"index", "controller"=>"welcome"}
Rendering welcome/index
Completed in 0.02398 (41 reqs/sec) | Rendering: 0.00097 (4%) | DB: 0.00020 (0%) | 200 OK [http://127.0.0.1/]


Processing WelcomeController#index (for 127.0.0.1 at 2008-06-15 20:46:38) [GET]
  Session ID: BAh7BiIKZmxhc2hJQzonQWN0aW9uQ29udHJvbGxlcjo6Rmxhc2g6OkZsYXNo
SGFzaHsABjoKQHVzZWR7AA==--1f2a00ea252f61251d06364a06785c6f15235887
  Parameters: {"action"=>"index", "controller"=>"welcome"}
Rendering welcome/index
Completed in 0.01093 (91 reqs/sec) | Rendering: 0.00630 (57%) | DB: 0.00000 (0%) | 200 OK [http://127.0.0.1/]
